Сборка начата 08.12.2014 15:56:09.
     1>Проект "C:\Users\VYACHESLAV\Documents\Visual Studio 2010\Projects\CUTMACHINEGUN\CUTMACHINEGUN\CUTMACHINEGUN.vcxproj" в узле 2 (целевые объекты build).
     1>InitializeBuildStatus:
         Создание "Debug\CUTMACHINEGUN.unsuccessfulbuild", так как было задано "AlwaysCreate".
       ClCompile:
         Для всех выходных данных обновления не требуется.
         C:\Program Files\Microsoft Visual Studio 10.0\VC\bin\CL.exe /c /ZI /nologo /W3 /WX- /Od /Oy- /D WIN32 /D _DEBUG /D _CONSOLE /D _UNICODE /D UNICODE /Gm /EHsc /RTC1 /MDd /GS /fp:precise /Zc:wchar_t /Zc:forScope /Yu"StdAfx.h" /Fp"Debug\CUTMACHINEGUN.pch" /Fo"Debug\\" /Fd"Debug\vc100.pdb" /Gd /TP /analyze- /errorReport:prompt CUTMACHINEGUN.cpp
         CUTMACHINEGUN.cpp
     1>c:\users\vyacheslav\documents\visual studio 2010\projects\cutmachinegun\cutmachinegun\cutmachinegun.cpp(22): warning C4800: int: принудительно задано логическое значение "true" или "false" (предупреждение о производительности)
       ManifestResourceCompile:
         Для всех выходных данных обновления не требуется.
       Link:
         C:\Program Files\Microsoft Visual Studio 10.0\VC\bin\link.exe /ERRORREPORT:PROMPT /OUT:"C:\Users\VYACHESLAV\Documents\Visual Studio 2010\Projects\CUTMACHINEGUN\Debug\CUTMACHINEGUN.exe" /INCREMENTAL /NOLOGO kernel32.lib user32.lib gdi32.lib winspool.lib comdlg32.lib advapi32.lib shell32.lib ole32.lib oleaut32.lib uuid.lib odbc32.lib odbccp32.lib /MANIFEST /ManifestFile:"Debug\CUTMACHINEGUN.exe.intermediate.manifest" /MANIFESTUAC:"level='asInvoker' uiAccess='false'" /DEBUG /PDB:"C:\Users\VYACHESLAV\Documents\Visual Studio 2010\Projects\CUTMACHINEGUN\Debug\CUTMACHINEGUN.pdb" /SUBSYSTEM:CONSOLE /TLBID:1 /DYNAMICBASE /NXCOMPAT /IMPLIB:"C:\Users\VYACHESLAV\Documents\Visual Studio 2010\Projects\CUTMACHINEGUN\Debug\CUTMACHINEGUN.lib" /MACHINE:X86 Debug\CUTMACHINEGUN.exe.embed.manifest.res
         Debug\CUTMACHINEGUN.obj
         Debug\stdafx.obj
       Manifest:
         C:\Program Files\Microsoft SDKs\Windows\v7.0A\bin\mt.exe /nologo /verbose /out:"Debug\CUTMACHINEGUN.exe.embed.manifest" /manifest Debug\CUTMACHINEGUN.exe.intermediate.manifest
         Для всех выходных данных обновления не требуется.
       LinkEmbedManifest:
         Для всех выходных данных обновления не требуется.
         CUTMACHINEGUN.vcxproj -> C:\Users\VYACHESLAV\Documents\Visual Studio 2010\Projects\CUTMACHINEGUN\Debug\CUTMACHINEGUN.exe
       FinalizeBuildStatus:
         Файл "Debug\CUTMACHINEGUN.unsuccessfulbuild" удаляется.
         Обращение к "Debug\CUTMACHINEGUN.lastbuildstate".
     1>Построение проекта "C:\Users\VYACHESLAV\Documents\Visual Studio 2010\Projects\CUTMACHINEGUN\CUTMACHINEGUN\CUTMACHINEGUN.vcxproj" завершено (целевые объекты build).

Построение успешно завершено.

Затраченное время: 00:00:01.59
